生成启动时间为 2016/1/11 17:41:42。
     1>项目“E:\Code\ztyt\专题研讨.vcxproj”在节点 2 上(Build 个目标)。
     1>ClCompile:
         D:\Program Files (x86)\Microsoft Visual Studio 12.0\VC\bin\CL.exe /c /ZI /nologo /W3 /WX- /Od /Oy- /D WIN32 /D _DEBUG /D _CONSOLE /D _LIB /D _UNICODE /D UNICODE /Gm /EHsc /RTC1 /MDd /GS /fp:precise /Zc:wchar_t /Zc:forScope /Fo"Debug\\" /Fd"Debug\vc120.pdb" /Gd /TP /analyze- /errorReport:prompt main.cpp
         main.cpp
     1>e:\code\ztyt\main.cpp(176): warning C4996: 'strcmpi': The POSIX name for this item is deprecated. Instead, use the ISO C++ conformant name: _strcmpi. See online help for details.
                 d:\program files (x86)\microsoft visual studio 12.0\vc\include\string.h(252) : 参见“strcmpi”的声明
     1>e:\code\ztyt\main.cpp(191): warning C4996: 'strcmpi': The POSIX name for this item is deprecated. Instead, use the ISO C++ conformant name: _strcmpi. See online help for details.
                 d:\program files (x86)\microsoft visual studio 12.0\vc\include\string.h(252) : 参见“strcmpi”的声明
     1>e:\code\ztyt\main.cpp(202): warning C4996: 'strcmpi': The POSIX name for this item is deprecated. Instead, use the ISO C++ conformant name: _strcmpi. See online help for details.
                 d:\program files (x86)\microsoft visual studio 12.0\vc\include\string.h(252) : 参见“strcmpi”的声明
     1>e:\code\ztyt\main.cpp(207): warning C4996: 'strcmpi': The POSIX name for this item is deprecated. Instead, use the ISO C++ conformant name: _strcmpi. See online help for details.
                 d:\program files (x86)\microsoft visual studio 12.0\vc\include\string.h(252) : 参见“strcmpi”的声明
     1>e:\code\ztyt\main.cpp(212): warning C4996: 'strcmpi': The POSIX name for this item is deprecated. Instead, use the ISO C++ conformant name: _strcmpi. See online help for details.
                 d:\program files (x86)\microsoft visual studio 12.0\vc\include\string.h(252) : 参见“strcmpi”的声明
     1>e:\code\ztyt\main.cpp(216): warning C4996: 'strcmpi': The POSIX name for this item is deprecated. Instead, use the ISO C++ conformant name: _strcmpi. See online help for details.
                 d:\program files (x86)\microsoft visual studio 12.0\vc\include\string.h(252) : 参见“strcmpi”的声明
     1>e:\code\ztyt\main.cpp(220): warning C4996: 'strcmpi': The POSIX name for this item is deprecated. Instead, use the ISO C++ conformant name: _strcmpi. See online help for details.
                 d:\program files (x86)\microsoft visual studio 12.0\vc\include\string.h(252) : 参见“strcmpi”的声明
     1>e:\code\ztyt\main.cpp(222): warning C4553: “==”: 运算符不起任何作用；是否是有意使用“=”的?
     1>e:\code\ztyt\main.cpp(224): warning C4996: 'strcmpi': The POSIX name for this item is deprecated. Instead, use the ISO C++ conformant name: _strcmpi. See online help for details.
                 d:\program files (x86)\microsoft visual studio 12.0\vc\include\string.h(252) : 参见“strcmpi”的声明
     1>e:\code\ztyt\main.cpp(234): warning C4996: 'strcmpi': The POSIX name for this item is deprecated. Instead, use the ISO C++ conformant name: _strcmpi. See online help for details.
                 d:\program files (x86)\microsoft visual studio 12.0\vc\include\string.h(252) : 参见“strcmpi”的声明
     1>e:\code\ztyt\main.cpp(238): warning C4996: 'strcmpi': The POSIX name for this item is deprecated. Instead, use the ISO C++ conformant name: _strcmpi. See online help for details.
                 d:\program files (x86)\microsoft visual studio 12.0\vc\include\string.h(252) : 参见“strcmpi”的声明
     1>e:\code\ztyt\main.cpp(318): warning C4996: 'strcmpi': The POSIX name for this item is deprecated. Instead, use the ISO C++ conformant name: _strcmpi. See online help for details.
                 d:\program files (x86)\microsoft visual studio 12.0\vc\include\string.h(252) : 参见“strcmpi”的声明
     1>e:\code\ztyt\main.cpp(325): warning C4996: 'strcmpi': The POSIX name for this item is deprecated. Instead, use the ISO C++ conformant name: _strcmpi. See online help for details.
                 d:\program files (x86)\microsoft visual studio 12.0\vc\include\string.h(252) : 参见“strcmpi”的声明
     1>e:\code\ztyt\main.cpp(337): warning C4996: 'strcmpi': The POSIX name for this item is deprecated. Instead, use the ISO C++ conformant name: _strcmpi. See online help for details.
                 d:\program files (x86)\microsoft visual studio 12.0\vc\include\string.h(252) : 参见“strcmpi”的声明
     1>e:\code\ztyt\main.cpp(338): warning C4996: 'strcmpi': The POSIX name for this item is deprecated. Instead, use the ISO C++ conformant name: _strcmpi. See online help for details.
                 d:\program files (x86)\microsoft visual studio 12.0\vc\include\string.h(252) : 参见“strcmpi”的声明
     1>e:\code\ztyt\main.cpp(339): warning C4996: 'strcmpi': The POSIX name for this item is deprecated. Instead, use the ISO C++ conformant name: _strcmpi. See online help for details.
                 d:\program files (x86)\microsoft visual studio 12.0\vc\include\string.h(252) : 参见“strcmpi”的声明
     1>e:\code\ztyt\main.cpp(349): warning C4996: 'strcmpi': The POSIX name for this item is deprecated. Instead, use the ISO C++ conformant name: _strcmpi. See online help for details.
                 d:\program files (x86)\microsoft visual studio 12.0\vc\include\string.h(252) : 参见“strcmpi”的声明
     1>e:\code\ztyt\main.cpp(888): warning C4018: “<”: 有符号/无符号不匹配
     1>e:\code\ztyt\main.cpp(936): warning C4996: 'sprintf': This function or variable may be unsafe. Consider using sprintf_s instead. To disable deprecation, use _CRT_SECURE_NO_WARNINGS. See online help for details.
                 d:\program files (x86)\microsoft visual studio 12.0\vc\include\stdio.h(356) : 参见“sprintf”的声明
     1>e:\code\ztyt\main.cpp(941): warning C4996: 'sprintf': This function or variable may be unsafe. Consider using sprintf_s instead. To disable deprecation, use _CRT_SECURE_NO_WARNINGS. See online help for details.
                 d:\program files (x86)\microsoft visual studio 12.0\vc\include\stdio.h(356) : 参见“sprintf”的声明
     1>e:\code\ztyt\main.cpp(942): warning C4996: 'sprintf': This function or variable may be unsafe. Consider using sprintf_s instead. To disable deprecation, use _CRT_SECURE_NO_WARNINGS. See online help for details.
                 d:\program files (x86)\microsoft visual studio 12.0\vc\include\stdio.h(356) : 参见“sprintf”的声明
     1>e:\code\ztyt\main.cpp(1072): warning C4018: “<”: 有符号/无符号不匹配
       Link:
         D:\Program Files (x86)\Microsoft Visual Studio 12.0\VC\bin\link.exe /ERRORREPORT:PROMPT /OUT:"E:\Code\ztyt\Debug\专题研讨.exe" /INCREMENTAL /NOLOGO glaux.lib glu32.lib opengl32.lib glut32.lib glut.lib glew32.lib glew32s.lib opencv_calib3d2410d.lib opencv_contrib2410d.lib opencv_core2410d.lib opencv_features2d2410d.lib opencv_flann2410d.lib opencv_gpu2410d.lib opencv_highgui2410d.lib opencv_imgproc2410d.lib opencv_legacy2410d.lib opencv_ml2410d.lib opencv_nonfree2410d.lib opencv_objdetect2410d.lib opencv_ocl2410d.lib opencv_photo2410d.lib opencv_stitching2410d.lib opencv_superres2410d.lib opencv_ts2410d.lib opencv_video2410d.lib opencv_videostab2410d.lib kernel32.lib user32.lib gdi32.lib winspool.lib comdlg32.lib advapi32.lib shell32.lib ole32.lib oleaut32.lib uuid.lib odbc32.lib odbccp32.lib /MANIFEST /MANIFESTUAC:"level='asInvoker' uiAccess='false'" /manifest:embed /DEBUG /PDB:"E:\Code\ztyt\Debug\专题研讨.pdb" /SUBSYSTEM:CONSOLE /TLBID:1 /DYNAMICBASE /NXCOMPAT /IMPLIB:"E:\Code\ztyt\Debug\专题研讨.lib" /MACHINE:X86 "Debug\专题研讨.res"
         Debug\main.obj
         Debug\objin.obj
         专题研讨.vcxproj -> E:\Code\ztyt\Debug\专题研讨.exe
     1>已完成生成项目“E:\Code\ztyt\专题研讨.vcxproj”(Build 个目标)的操作。

生成成功。

已用时间 00:00:02.84
